<?xml version="1.0" encoding="UTF-8"?>
<!-- Generated by org.testng.reporters.JUnitReportReporter -->
<testsuite hostname="DESKTOP-63IFQCS" failures="0" tests="1" name="com.blueflame.script.Homepage" time="2.633" errors="0" timestamp="2024-10-24T16:54:17 IST" skipped="0">
  <testcase classname="com.blueflame.script.Homepage" name="demo" time="2.633"/>
  <system-out/>
</testsuite> <!-- com.blueflame.script.Homepage -->
