<?xml version="1.0" encoding="UTF-8"?>
<!-- Generated by org.testng.reporters.JUnitReportReporter -->
<testsuite hostname="DESKTOP-63IFQCS" failures="0" tests="1" name="com.blueflame.script.Login" time="7.175" errors="0" timestamp="2024-11-20T14:43:26 IST" skipped="0">
  <testcase classname="com.blueflame.script.Login" name="ValidLogin" time="7.175"/>
  <system-out/>
</testsuite> <!-- com.blueflame.script.Login -->
