<?xml version="1.0" encoding="UTF-8"?>
<!-- Generated by org.testng.reporters.JUnitReportReporter -->
<testsuite hostname="DESKTOP-63IFQCS" failures="0" tests="1" name="com.blueflame.script.Audit" time="8.201" errors="0" timestamp="2024-11-20T16:51:13 IST" skipped="0">
  <testcase classname="com.blueflame.script.Audit" name="Auditvalidation" time="8.201"/>
  <system-out/>
</testsuite> <!-- com.blueflame.script.Audit -->
